*******************************************************************
* Genome-wide Complex Trait Analysis (GCTA)
* version v1.94.1 Linux
* Built at Nov 15 2022 21:14:25, by GCC 8.5
* (C) 2010-present, Yang Lab, Westlake University
* Please report bugs to Jian Yang <jian.yang@westlake.edu.cn>
*******************************************************************
Analysis started at 01:28:25 PST on Mon Mar 04 2024.
Hostname: gaoyuan-930

Options: 
 
--bfile ./simulated_data_1000_sample_10000snp/simulate_1000_sample_10000snp 
--autosome 
--make-grm 
--out GCTA_SNP_Heritability/simulated_GRM_10000snp/simulated_10000snp 
--thread-num 12 

The program will be running with up to 12 threads.
Note: GRM is computed using the SNPs on the autosomes.
Reading PLINK FAM file from [./simulated_data_1000_sample_10000snp/simulate_1000_sample_10000snp.fam]...
1000 individuals to be included from FAM file.
1000 individuals to be included. 0 males, 0 females, 1000 unknown.
Reading PLINK BIM file from [./simulated_data_1000_sample_10000snp/simulate_1000_sample_10000snp.bim]...
10000 SNPs to be included from BIM file(s).
Computing the genetic relationship matrix (GRM) v2 ...
Subset 1/1, no. subject 1-1000
  1000 samples, 10000 markers, 500500 GRM elements
IDs for the GRM file have been saved in the file [GCTA_SNP_Heritability/simulated_GRM_10000snp/simulated_10000snp.grm.id]
Computing GRM...
  100% finished in 0.1 sec
10000 SNPs have been processed.
  Used 10000 valid SNPs.
The GRM computation is completed.
Saving GRM...
GRM has been saved in the file [GCTA_SNP_Heritability/simulated_GRM_10000snp/simulated_10000snp.grm.bin]
Number of SNPs in each pair of individuals has been saved in the file [GCTA_SNP_Heritability/simulated_GRM_10000snp/simulated_10000snp.grm.N.bin]

Analysis finished at 01:28:25 PST on Mon Mar 04 2024
Overall computational time: 0.10 sec.
