*******************************************************************
* Genome-wide Complex Trait Analysis (GCTA)
* version v1.94.1 Linux
* Built at Nov 15 2022 21:14:25, by GCC 8.5
* (C) 2010-present, Yang Lab, Westlake University
* Please report bugs to Jian Yang <jian.yang@westlake.edu.cn>
*******************************************************************
Analysis started at 01:38:50 PST on Mon Mar 04 2024.
Hostname: gaoyuan-930

Options: 
 
--bfile ./simulated_data_5000_sample_1000snp/simulate_5000_sample_1000snp 
--autosome 
--make-grm 
--out GCTA_SNP_Heritability/simulated_GRM_1000snp_5000_sample/simulated_1000snp_5000_sample 
--thread-num 12 

The program will be running with up to 12 threads.
Note: GRM is computed using the SNPs on the autosomes.
Reading PLINK FAM file from [./simulated_data_5000_sample_1000snp/simulate_5000_sample_1000snp.fam]...
5000 individuals to be included from FAM file.
5000 individuals to be included. 0 males, 0 females, 5000 unknown.
Reading PLINK BIM file from [./simulated_data_5000_sample_1000snp/simulate_5000_sample_1000snp.bim]...
1000 SNPs to be included from BIM file(s).
Computing the genetic relationship matrix (GRM) v2 ...
Subset 1/1, no. subject 1-5000
  5000 samples, 1000 markers, 12502500 GRM elements
IDs for the GRM file have been saved in the file [GCTA_SNP_Heritability/simulated_GRM_1000snp_5000_sample/simulated_1000snp_5000_sample.grm.id]
Computing GRM...
  100% finished in 0.2 sec
1000 SNPs have been processed.
  Used 1000 valid SNPs.
The GRM computation is completed.
Saving GRM...
GRM has been saved in the file [GCTA_SNP_Heritability/simulated_GRM_1000snp_5000_sample/simulated_1000snp_5000_sample.grm.bin]
Number of SNPs in each pair of individuals has been saved in the file [GCTA_SNP_Heritability/simulated_GRM_1000snp_5000_sample/simulated_1000snp_5000_sample.grm.N.bin]

Analysis finished at 01:38:51 PST on Mon Mar 04 2024
Overall computational time: 0.39 sec.
