*******************************************************************
* Genome-wide Complex Trait Analysis (GCTA)
* version v1.94.1 Linux
* Built at Nov 15 2022 21:14:25, by GCC 8.5
* (C) 2010-present, Yang Lab, Westlake University
* Please report bugs to Jian Yang <jian.yang@westlake.edu.cn>
*******************************************************************
Analysis started at 01:45:18 PST on Mon Mar 04 2024.
Hostname: gaoyuan-930

Accepted options:
--grm GCTA_SNP_Heritability/simulated_GRM_1000snp_5000_sample/simulated_1000snp_5000_sample
--pheno ./simulated_data_5000_sample_1000snp/GCTA_5000_sample_1000snp.pheno
--reml
--out ./GCTA_SNP_Heritability/Estimation_1000snp_5000_sample/Estimation_1000snp_5000_sample
--thread-num 12

Note: the program will be running on 12 threads.

Reading IDs of the GRM from [GCTA_SNP_Heritability/simulated_GRM_1000snp_5000_sample/simulated_1000snp_5000_sample.grm.id].
5000 IDs are read from [GCTA_SNP_Heritability/simulated_GRM_1000snp_5000_sample/simulated_1000snp_5000_sample.grm.id].
Reading the GRM from [GCTA_SNP_Heritability/simulated_GRM_1000snp_5000_sample/simulated_1000snp_5000_sample.grm.bin].
GRM for 5000 individuals are included from [GCTA_SNP_Heritability/simulated_GRM_1000snp_5000_sample/simulated_1000snp_5000_sample.grm.bin].
Reading phenotypes from [./simulated_data_5000_sample_1000snp/GCTA_5000_sample_1000snp.pheno].
There are 100 traits specified in the file [./simulated_data_5000_sample_1000snp/GCTA_5000_sample_1000snp.pheno].
Trait #1 is included for analysis.
Non-missing phenotypes of 5000 individuals are included from [./simulated_data_5000_sample_1000snp/GCTA_5000_sample_1000snp.pheno].

5000 individuals are in common in these files.

Performing  REML analysis ... (Note: may take hours depending on sample size).
5000 observations, 1 fixed effect(s), and 2 variance component(s)(including residual variance).
Calculating prior values of variance components by EM-REML ...
Updated prior values: 0.500496 0.498478
logL: -1625.57
Running AI-REML algorithm ...
Iter.	logL	V(G)	V(e)	
1	-1625.55	0.50147	0.49832	
2	-1625.55	0.50360	0.49796	
3	-1625.54	0.50361	0.49796	
4	-1625.54	0.50361	0.49796	
Log-likelihood ratio converged.

Calculating the logLikelihood for the reduced model ...
(variance component 1 is dropped from the model)
Calculating prior values of variance components by EM-REML ...
Updated prior values: 1.00020
logL: -2504.25857
Running AI-REML algorithm ...
Iter.	logL	V(e)	
1	-2504.26	1.00020	
Log-likelihood ratio converged.

Summary result of REML analysis:
Source	Variance	SE
V(G)	0.503608	0.027853
V(e)	0.497962	0.011126
Vp	1.001571	0.029030
V(G)/Vp	0.502819	0.015379

Sampling variance/covariance of the estimates of variance components:
7.757982e-04	-2.841048e-05	
-2.841048e-05	1.237854e-04	

Summary result of REML analysis has been saved in the file [./GCTA_SNP_Heritability/Estimation_1000snp_5000_sample/Estimation_1000snp_5000_sample.hsq].

Analysis finished at 01:45:22 PST on Mon Mar 04 2024
Overall computational time: 4.35 sec.
