*******************************************************************
* Genome-wide Complex Trait Analysis (GCTA)
* version v1.94.1 Linux
* Built at Nov 15 2022 21:14:25, by GCC 8.5
* (C) 2010-present, Yang Lab, Westlake University
* Please report bugs to Jian Yang <jian.yang@westlake.edu.cn>
*******************************************************************
Analysis started at 01:44:08 PST on Mon Mar 04 2024.
Hostname: gaoyuan-930

Accepted options:
--grm GCTA_SNP_Heritability/simulated_GRM_10000snp/simulated_10000snp
--pheno ./simulated_data_1000_sample_10000snp/GCTA_1000_sample_10000snp.pheno
--reml
--out ./GCTA_SNP_Heritability/Estimation_10000snp/Estimation_10000snp
--thread-num 12

Note: the program will be running on 12 threads.

Reading IDs of the GRM from [GCTA_SNP_Heritability/simulated_GRM_10000snp/simulated_10000snp.grm.id].
1000 IDs are read from [GCTA_SNP_Heritability/simulated_GRM_10000snp/simulated_10000snp.grm.id].
Reading the GRM from [GCTA_SNP_Heritability/simulated_GRM_10000snp/simulated_10000snp.grm.bin].
GRM for 1000 individuals are included from [GCTA_SNP_Heritability/simulated_GRM_10000snp/simulated_10000snp.grm.bin].
Reading phenotypes from [./simulated_data_1000_sample_10000snp/GCTA_1000_sample_10000snp.pheno].
There are 100 traits specified in the file [./simulated_data_1000_sample_10000snp/GCTA_1000_sample_10000snp.pheno].
Trait #1 is included for analysis.
Non-missing phenotypes of 1000 individuals are included from [./simulated_data_1000_sample_10000snp/GCTA_1000_sample_10000snp.pheno].

1000 individuals are in common in these files.

Performing  REML analysis ... (Note: may take hours depending on sample size).
1000 observations, 1 fixed effect(s), and 2 variance component(s)(including residual variance).
Calculating prior values of variance components by EM-REML ...
Updated prior values: 0.500286 0.500209
logL: -496.993
Running AI-REML algorithm ...
Iter.	logL	V(G)	V(e)	
1	-496.99	0.50100	0.49938	
2	-496.99	0.50251	0.49759	
3	-496.99	0.50247	0.49764	
Log-likelihood ratio converged.

Calculating the logLikelihood for the reduced model ...
(variance component 1 is dropped from the model)
Calculating prior values of variance components by EM-REML ...
Updated prior values: 1.00100
logL: -503.45363
Running AI-REML algorithm ...
Iter.	logL	V(e)	
1	-503.45	1.00100	
Log-likelihood ratio converged.

Summary result of REML analysis:
Source	Variance	SE
V(G)	0.502470	0.143439
V(e)	0.497636	0.136689
Vp	1.000106	0.045263
V(G)/Vp	0.502417	0.138233

Sampling variance/covariance of the estimates of variance components:
2.057464e-02	-1.860485e-02	
-1.860485e-02	1.868377e-02	

Summary result of REML analysis has been saved in the file [./GCTA_SNP_Heritability/Estimation_10000snp/Estimation_10000snp.hsq].

Analysis finished at 01:44:08 PST on Mon Mar 04 2024
Overall computational time: 0.11 sec.
