*******************************************************************
* Genome-wide Complex Trait Analysis (GCTA)
* version v1.94.1 Linux
* Built at Nov 15 2022 21:14:25, by GCC 8.5
* (C) 2010-present, Yang Lab, Westlake University
* Please report bugs to Jian Yang <jian.yang@westlake.edu.cn>
*******************************************************************
Analysis started at 01:43:21 PST on Mon Mar 04 2024.
Hostname: gaoyuan-930

Accepted options:
--grm GCTA_SNP_Heritability/simulated_GRM_1000snp/simulated_1000snp
--pheno ./simulated_data_1000_sample_1000snp/GCTA_1000_sample_1000snp.pheno
--reml
--out ./GCTA_SNP_Heritability/Estimation_1000snp/Estimation_1000snp
--thread-num 12

Note: the program will be running on 12 threads.

Reading IDs of the GRM from [GCTA_SNP_Heritability/simulated_GRM_1000snp/simulated_1000snp.grm.id].
1000 IDs are read from [GCTA_SNP_Heritability/simulated_GRM_1000snp/simulated_1000snp.grm.id].
Reading the GRM from [GCTA_SNP_Heritability/simulated_GRM_1000snp/simulated_1000snp.grm.bin].
GRM for 1000 individuals are included from [GCTA_SNP_Heritability/simulated_GRM_1000snp/simulated_1000snp.grm.bin].
Reading phenotypes from [./simulated_data_1000_sample_1000snp/GCTA_1000_sample_1000snp.pheno].
There are 100 traits specified in the file [./simulated_data_1000_sample_1000snp/GCTA_1000_sample_1000snp.pheno].
Trait #1 is included for analysis.
Non-missing phenotypes of 1000 individuals are included from [./simulated_data_1000_sample_1000snp/GCTA_1000_sample_1000snp.pheno].

1000 individuals are in common in these files.

Performing  REML analysis ... (Note: may take hours depending on sample size).
1000 observations, 1 fixed effect(s), and 2 variance component(s)(including residual variance).
Calculating prior values of variance components by EM-REML ...
Updated prior values: 0.498651 0.508349
logL: -453.156
Running AI-REML algorithm ...
Iter.	logL	V(G)	V(e)	
1	-453.05	0.48871	0.51526	
2	-452.95	0.46731	0.53046	
3	-452.87	0.46751	0.53062	
4	-452.87	0.46751	0.53062	
Log-likelihood ratio converged.

Calculating the logLikelihood for the reduced model ...
(variance component 1 is dropped from the model)
Calculating prior values of variance components by EM-REML ...
Updated prior values: 1.00100
logL: -503.45364
Running AI-REML algorithm ...
Iter.	logL	V(e)	
1	-503.45	1.00100	
Log-likelihood ratio converged.

Summary result of REML analysis:
Source	Variance	SE
V(G)	0.467512	0.057935
V(e)	0.530624	0.041949
Vp	0.998136	0.048709
V(G)/Vp	0.468385	0.045004

Sampling variance/covariance of the estimates of variance components:
3.356435e-03	-1.371779e-03	
-1.371779e-03	1.759702e-03	

Summary result of REML analysis has been saved in the file [./GCTA_SNP_Heritability/Estimation_1000snp/Estimation_1000snp.hsq].

Analysis finished at 01:43:21 PST on Mon Mar 04 2024
Overall computational time: 0.13 sec.
